<?xml version="1.0" encoding="UTF-8"?>
<!-- Generated by org.testng.reporters.JUnitReportReporter -->
<testsuite hostname="DESKTOP-HCHH74B" failures="0" tests="3" name="org.test.SampleTask" time="24.192" errors="0" timestamp="28 Jan 2022 13:34:08 GMT" skipped="0">
  <testcase classname="org.test.SampleTask" name="tc3" time="9.349"/>
  <testcase classname="org.test.SampleTask" name="tc1" time="3.581"/>
  <testcase classname="org.test.SampleTask" name="tc2" time="11.262"/>
</testsuite> <!-- org.test.SampleTask -->
